<?xml version="1.0" encoding="UTF-8"?>
<!-- Generated by org.testng.reporters.JUnitReportReporter -->
<testsuite skipped="0" hostname="dk" name="org.framework.Hello" tests="4" failures="0" timestamp="23 Jan 2019 14:06:37 GMT" time="0.016" errors="0">
  <testcase name="test3" time="0.000" classname="org.framework.Hello"/>
  <testcase name="test2" time="0.016" classname="org.framework.Hello"/>
  <testcase name="test1" time="0.000" classname="org.framework.Hello"/>
  <testcase name="test4" time="0.000" classname="org.framework.Hello"/>
</testsuite> <!-- org.framework.Hello -->
