<?xml version="1.0" encoding="UTF-8"?>
<!-- Generated by org.testng.reporters.JUnitReportReporter -->
<testsuite skipped="1" hostname="dk" name="org.framework.Welcome" tests="4" failures="0" timestamp="23 Jan 2019 14:06:37 GMT" time="0.013" errors="0">
  <testcase name="test9" time="0.013" classname="org.framework.Welcome"/>
  <testcase name="test10" time="0.000" classname="org.framework.Welcome"/>
  <testcase name="test12" time="0.000" classname="org.framework.Welcome"/>
  <testcase name="test11" classname="org.framework.Welcome">
    <skipped/>
  </testcase> <!-- test11 -->
</testsuite> <!-- org.framework.Welcome -->
