<?xml version="1.0" encoding="UTF-8"?>
<!-- Generated by org.testng.reporters.JUnitReportReporter -->
<testsuite skipped="0" hostname="dk" name="org.framework.Employee" tests="3" failures="0" timestamp="23 Jan 2019 14:26:46 GMT" time="0.066" errors="0">
  <testcase name="test6" time="0.021" classname="org.framework.Employee"/>
  <testcase name="test5" time="0.020" classname="org.framework.Employee"/>
  <testcase name="test7" time="0.025" classname="org.framework.Employee"/>
</testsuite> <!-- org.framework.Employee -->
