<?xml version="1.0" encoding="UTF-8"?>
<!-- Generated by org.testng.reporters.JUnitReportReporter -->
<testsuite skipped="0" hostname="dk" name="org.framework.Sample" tests="1" failures="0" timestamp="23 Jan 2019 11:36:09 GMT" time="4.396" errors="0">
  <testcase name="test" time="4.396" classname="org.framework.Sample"/>
</testsuite> <!-- org.framework.Sample -->
